[INFO] Scanning for projects...
[INFO] 
[INFO] --------------------------< com.stride:ecom >---------------------------
[INFO] Building stride-ecom 1.0.0
[INFO]   from pom.xml
[INFO] --------------------------------[ jar ]---------------------------------
[INFO] 
[INFO] >>> spring-boot:3.2.0:run (default-cli) > test-compile @ ecom >>>
[INFO] 
[INFO] --- resources:3.3.1:resources (default-resources) @ ecom ---
[INFO] Copying 1 resource from src\main\resources to target\classes
[INFO] Copying 0 resource from src\main\resources to target\classes
[INFO] 
[INFO] --- compiler:3.11.0:compile (default-compile) @ ecom ---
[INFO] Changes detected - recompiling the module! :source
[INFO] Compiling 36 source files with javac [debug release 17] to target\classes
[INFO] Annotation processing is enabled because one or more processors were found
  on the class path. A future release of javac may disable annotation processing
  unless at least one processor is specified by name (-processor), or a search
  path is specified (--processor-path, --processor-module-path), or annotation
  processing is enabled explicitly (-proc:only, -proc:full).
  Use -Xlint:-options to suppress this message.
  Use -proc:none to disable annotation processing.
[INFO] 
[INFO] --- resources:3.3.1:testResources (default-testResources) @ ecom ---
[INFO] skip non existing resourceDirectory C:\Users\sachi\OneDrive\Desktop\springboot\ecom\backend\src\test\resources
[INFO] 
[INFO] --- compiler:3.11.0:testCompile (default-testCompile) @ ecom ---
[INFO] No sources to compile
[INFO] 
[INFO] <<< spring-boot:3.2.0:run (default-cli) < test-compile @ ecom <<<
[INFO] 
[INFO] 
[INFO] --- spring-boot:3.2.0:run (default-cli) @ ecom ---
[INFO] Attaching agents: []

  .   ____          _            __ _ _
 /\\ / ___'_ __ _ _(_)_ __  __ _ \ \ \ \
( ( )\___ | '_ | '_| | '_ \/ _` | \ \ \ \
 \\/  ___)| |_)| | | | | || (_| |  ) ) ) )
  '  |____| .__|_| |_|_| |_\__, | / / / /
 =========|_|==============|___/=/_/_/_/
 :: Spring Boot ::                (v3.2.0)

2026-05-18T22:26:09.125+05:30  INFO 3560 --- [stride-ecom] [           main] com.stride.ecom.EcomApplication          : Starting EcomApplication using Java 21.0.10 with PID 3560 (C:\Users\sachi\OneDrive\Desktop\springboot\ecom\backend\target\classes started by sachi in C:\Users\sachi\OneDrive\Desktop\springboot\ecom\backend)
2026-05-18T22:26:09.131+05:30 DEBUG 3560 --- [stride-ecom] [           main] com.stride.ecom.EcomApplication          : Running with Spring Boot v3.2.0, Spring v6.1.1
2026-05-18T22:26:09.133+05:30  INFO 3560 --- [stride-ecom] [           main] com.stride.ecom.EcomApplication          : No active profile set, falling back to 1 default profile: "default"
2026-05-18T22:26:10.716+05:30  INFO 3560 --- [stride-ecom] [           main] .s.d.r.c.RepositoryConfigurationDelegate : Bootstrapping Spring Data JPA repositories in DEFAULT mode.
2026-05-18T22:26:10.894+05:30  INFO 3560 --- [stride-ecom] [           main] .s.d.r.c.RepositoryConfigurationDelegate : Finished Spring Data repository scanning in 162 ms. Found 5 JPA repository interfaces.
2026-05-18T22:26:12.351+05:30  INFO 3560 --- [stride-ecom] [           main] o.s.b.w.embedded.tomcat.TomcatWebServer  : Tomcat initialized with port 8080 (http)
2026-05-18T22:26:12.376+05:30  INFO 3560 --- [stride-ecom] [           main] o.apache.catalina.core.StandardService   : Starting service [Tomcat]
2026-05-18T22:26:12.377+05:30  INFO 3560 --- [stride-ecom] [           main] o.apache.catalina.core.StandardEngine    : Starting Servlet engine: [Apache Tomcat/10.1.16]
2026-05-18T22:26:12.512+05:30  INFO 3560 --- [stride-ecom] [           main] o.a.c.c.C.[Tomcat].[localhost].[/]       : Initializing Spring embedded WebApplicationContext
2026-05-18T22:26:12.517+05:30  INFO 3560 --- [stride-ecom] [           main] w.s.c.ServletWebServerApplicationContext : Root WebApplicationContext: initialization completed in 3283 ms
2026-05-18T22:26:12.847+05:30  INFO 3560 --- [stride-ecom] [           main] o.hibernate.jpa.internal.util.LogHelper  : HHH000204: Processing PersistenceUnitInfo [name: default]
2026-05-18T22:26:13.013+05:30  INFO 3560 --- [stride-ecom] [           main] org.hibernate.Version                    : HHH000412: Hibernate ORM core version 6.3.1.Final
2026-05-18T22:26:13.115+05:30  INFO 3560 --- [stride-ecom] [           main] o.h.c.internal.RegionFactoryInitiator    : HHH000026: Second-level cache disabled
2026-05-18T22:26:13.771+05:30  INFO 3560 --- [stride-ecom] [           main] o.s.o.j.p.SpringPersistenceUnitInfo      : No LoadTimeWeaver setup: ignoring JPA class transformer
2026-05-18T22:26:13.845+05:30  INFO 3560 --- [stride-ecom] [           main] com.zaxxer.hikari.HikariDataSource       : HikariPool-1 - Starting...
2026-05-18T22:26:14.229+05:30  INFO 3560 --- [stride-ecom] [           main] com.zaxxer.hikari.pool.HikariPool        : HikariPool-1 - Added connection com.mysql.cj.jdbc.ConnectionImpl@634aa81e
2026-05-18T22:26:14.236+05:30  INFO 3560 --- [stride-ecom] [           main] com.zaxxer.hikari.HikariDataSource       : HikariPool-1 - Start completed.
2026-05-18T22:26:14.363+05:30  WARN 3560 --- [stride-ecom] [           main] org.hibernate.orm.deprecation            : HHH90000025: MySQLDialect does not need to be specified explicitly using 'hibernate.dialect' (remove the property setting and it will be selected by default)
2026-05-18T22:26:16.849+05:30  INFO 3560 --- [stride-ecom] [           main] o.h.e.t.j.p.i.JtaPlatformInitiator       : HHH000489: No JTA platform available (set 'hibernate.transaction.jta.platform' to enable JTA platform integration)
2026-05-18T22:26:17.112+05:30  INFO 3560 --- [stride-ecom] [           main] j.LocalContainerEntityManagerFactoryBean : Initialized JPA EntityManagerFactory for persistence unit 'default'
2026-05-18T22:26:17.914+05:30 DEBUG 3560 --- [stride-ecom] [           main] c.stride.ecom.security.RateLimitFilter   : Filter 'rateLimitFilter' configured for use
2026-05-18T22:26:17.918+05:30 DEBUG 3560 --- [stride-ecom] [           main] com.stride.ecom.security.JwtFilter       : Filter 'jwtFilter' configured for use
2026-05-18T22:26:18.534+05:30  WARN 3560 --- [stride-ecom] [           main] JpaBaseConfiguration$JpaWebConfiguration : spring.jpa.open-in-view is enabled by default. Therefore, database queries may be performed during view rendering. Explicitly configure spring.jpa.open-in-view to disable this warning
2026-05-18T22:26:19.950+05:30  INFO 3560 --- [stride-ecom] [           main] o.s.b.w.embedded.tomcat.TomcatWebServer  : Tomcat started on port 8080 (http) with context path ''
2026-05-18T22:26:19.966+05:30  INFO 3560 --- [stride-ecom] [           main] com.stride.ecom.EcomApplication          : Started EcomApplication in 11.723 seconds (process running for 12.529)
Hibernate: 
    select
        count(*) 
    from
        products p1_0
Hibernate: 
    select
        count(*) 
    from
        users u1_0

?  STRIDE E-Commerce Backend started!
?  API Base URL: http://localhost:8080/api
?  Auth APIs:   http://localhost:8080/api/auth/register | /login
?  Products:    http://localhost:8080/api/products

2026-05-18T22:27:17.789+05:30  INFO 3560 --- [stride-ecom] [nio-8080-exec-1] o.a.c.c.C.[Tomcat].[localhost].[/]       : Initializing Spring DispatcherServlet 'dispatcherServlet'
2026-05-18T22:27:17.793+05:30  INFO 3560 --- [stride-ecom] [nio-8080-exec-1] o.s.web.servlet.DispatcherServlet        : Initializing Servlet 'dispatcherServlet'
2026-05-18T22:27:17.798+05:30  INFO 3560 --- [stride-ecom] [nio-8080-exec-1] o.s.web.servlet.DispatcherServlet        : Completed initialization in 3 ms
2026-05-18T22:27:17.875+05:30  WARN 3560 --- [stride-ecom] [nio-8080-exec-1] o.s.w.s.h.HandlerMappingIntrospector     : Cache miss for REQUEST dispatch to '/api/auth/register' (previous null). Performing MatchableHandlerMapping lookup. This is logged once only at WARN level, and every time at TRACE.
Hibernate: 
    select
        u1_0.id 
    from
        users u1_0 
    where
        u1_0.email=? 
    limit
        ?
Hibernate: 
    insert 
    into
        users
        (created_at, email, name, password, role) 
    values
        (?, ?, ?, ?, ?)
Hibernate: 
    select
        u1_0.id,
        u1_0.created_at,
        u1_0.email,
        u1_0.name,
        u1_0.password,
        u1_0.role 
    from
        users u1_0 
    where
        u1_0.email=?
Hibernate: 
    select
        u1_0.id,
        u1_0.created_at,
        u1_0.email,
        u1_0.name,
        u1_0.password,
        u1_0.role 
    from
        users u1_0 
    where
        u1_0.email=?
Hibernate: 
    select
        u1_0.id,
        u1_0.created_at,
        u1_0.email,
        u1_0.name,
        u1_0.password,
        u1_0.role 
    from
        users u1_0 
    where
        u1_0.email=?
Hibernate: 
    select
        u1_0.id,
        u1_0.created_at,
        u1_0.email,
        u1_0.name,
        u1_0.password,
        u1_0.role 
    from
        users u1_0 
    where
        u1_0.email=?
Hibernate: 
    select
        c1_0.id,
        i1_0.cart_id,
        i1_0.id,
        i1_0.product_id,
        p1_0.id,
        p1_0.active,
        p1_0.category,
        p1_0.created_at,
        p1_0.description,
        p1_0.image_url,
        p1_0.name,
        p1_0.price,
        p1_0.stock,
        i1_0.quantity,
        c1_0.user_id 
    from
        carts c1_0 
    left join
        cart_items i1_0 
            on c1_0.id=i1_0.cart_id 
    left join
        products p1_0 
            on p1_0.id=i1_0.product_id 
    where
        c1_0.user_id=?
Hibernate: 
    insert 
    into
        carts
        (user_id) 
    values
        (?)
Hibernate: 
    select
        p1_0.id,
        p1_0.active,
        p1_0.category,
        p1_0.created_at,
        p1_0.description,
        p1_0.image_url,
        p1_0.name,
        p1_0.price,
        p1_0.stock 
    from
        products p1_0 
    where
        p1_0.id=?
Hibernate: 
    select
        ci1_0.id,
        ci1_0.cart_id,
        ci1_0.product_id,
        ci1_0.quantity 
    from
        cart_items ci1_0 
    where
        ci1_0.cart_id=? 
        and ci1_0.product_id=?
Hibernate: 
    insert 
    into
        cart_items
        (cart_id, product_id, quantity) 
    values
        (?, ?, ?)
Hibernate: 
    select
        u1_0.id,
        u1_0.created_at,
        u1_0.email,
        u1_0.name,
        u1_0.password,
        u1_0.role 
    from
        users u1_0 
    where
        u1_0.email=?
Hibernate: 
    select
        c1_0.id,
        i1_0.cart_id,
        i1_0.id,
        i1_0.product_id,
        p1_0.id,
        p1_0.active,
        p1_0.category,
        p1_0.created_at,
        p1_0.description,
        p1_0.image_url,
        p1_0.name,
        p1_0.price,
        p1_0.stock,
        i1_0.quantity,
        c1_0.user_id 
    from
        carts c1_0 
    left join
        cart_items i1_0 
            on c1_0.id=i1_0.cart_id 
    left join
        products p1_0 
            on p1_0.id=i1_0.product_id 
    where
        c1_0.user_id=?
Hibernate: 
    select
        u1_0.id,
        u1_0.created_at,
        u1_0.email,
        u1_0.name,
        u1_0.password,
        u1_0.role 
    from
        users u1_0 
    where
        u1_0.email=?
Hibernate: 
    select
        u1_0.id,
        u1_0.created_at,
        u1_0.email,
        u1_0.name,
        u1_0.password,
        u1_0.role 
    from
        users u1_0 
    where
        u1_0.email=?
Hibernate: 
    select
        c1_0.id,
        i1_0.cart_id,
        i1_0.id,
        i1_0.product_id,
        p1_0.id,
        p1_0.active,
        p1_0.category,
        p1_0.created_at,
        p1_0.description,
        p1_0.image_url,
        p1_0.name,
        p1_0.price,
        p1_0.stock,
        i1_0.quantity,
        c1_0.user_id 
    from
        carts c1_0 
    left join
        cart_items i1_0 
            on c1_0.id=i1_0.cart_id 
    left join
        products p1_0 
            on p1_0.id=i1_0.product_id 
    where
        c1_0.user_id=?
[INFO] ------------------------------------------------------------------------
[INFO] BUILD FAILURE
[INFO] ------------------------------------------------------------------------
[INFO] Total time:  02:48 min
[INFO] Finished at: 2026-05-18T22:28:37+05:30
[INFO] ------------------------------------------------------------------------
[ERROR] Failed to execute goal org.springframework.boot:spring-boot-maven-plugin:3.2.0:run (default-cli) on project ecom: Process terminated with exit code: -1 -> [Help 1]
[ERROR] 
[ERROR] To see the full stack trace of the errors, re-run Maven with the -e switch.
[ERROR] Re-run Maven using the -X switch to enable full debug logging.
[ERROR] 
[ERROR] For more information about the errors and possible solutions, please read the following articles:
[ERROR] [Help 1] http://cwiki.apache.org/confluence/display/MAVEN/MojoExecutionException
