[INFO] Scanning for projects...
[INFO] 
[INFO] --------------------------< com.stride:ecom >---------------------------
[INFO] Building stride-ecom 1.0.0
[INFO]   from pom.xml
[INFO] --------------------------------[ jar ]---------------------------------
[INFO] 
[INFO] >>> spring-boot:3.2.0:run (default-cli) > test-compile @ ecom >>>
[INFO] 
[INFO] --- resources:3.3.1:resources (default-resources) @ ecom ---
[INFO] Copying 1 resource from src\main\resources to target\classes
[INFO] Copying 0 resource from src\main\resources to target\classes
[INFO] 
[INFO] --- compiler:3.11.0:compile (default-compile) @ ecom ---
[INFO] Changes detected - recompiling the module! :source
[INFO] Compiling 33 source files with javac [debug release 17] to target\classes
[INFO] Annotation processing is enabled because one or more processors were found
  on the class path. A future release of javac may disable annotation processing
  unless at least one processor is specified by name (-processor), or a search
  path is specified (--processor-path, --processor-module-path), or annotation
  processing is enabled explicitly (-proc:only, -proc:full).
  Use -Xlint:-options to suppress this message.
  Use -proc:none to disable annotation processing.
[INFO] 
[INFO] --- resources:3.3.1:testResources (default-testResources) @ ecom ---
[INFO] skip non existing resourceDirectory C:\Users\sachi\OneDrive\Desktop\springboot\ecom\backend\src\test\resources
[INFO] 
[INFO] --- compiler:3.11.0:testCompile (default-testCompile) @ ecom ---
[INFO] No sources to compile
[INFO] 
[INFO] <<< spring-boot:3.2.0:run (default-cli) < test-compile @ ecom <<<
[INFO] 
[INFO] 
[INFO] --- spring-boot:3.2.0:run (default-cli) @ ecom ---
[INFO] Attaching agents: []

  .   ____          _            __ _ _
 /\\ / ___'_ __ _ _(_)_ __  __ _ \ \ \ \
( ( )\___ | '_ | '_| | '_ \/ _` | \ \ \ \
 \\/  ___)| |_)| | | | | || (_| |  ) ) ) )
  '  |____| .__|_| |_|_| |_\__, | / / / /
 =========|_|==============|___/=/_/_/_/
 :: Spring Boot ::                (v3.2.0)

2026-05-18T00:16:35.284+05:30  INFO 2468 --- [stride-ecom] [           main] com.stride.ecom.EcomApplication          : Starting EcomApplication using Java 21.0.10 with PID 2468 (C:\Users\sachi\OneDrive\Desktop\springboot\ecom\backend\target\classes started by sachi in C:\Users\sachi\OneDrive\Desktop\springboot\ecom\backend)
2026-05-18T00:16:35.288+05:30 DEBUG 2468 --- [stride-ecom] [           main] com.stride.ecom.EcomApplication          : Running with Spring Boot v3.2.0, Spring v6.1.1
2026-05-18T00:16:35.290+05:30  INFO 2468 --- [stride-ecom] [           main] com.stride.ecom.EcomApplication          : No active profile set, falling back to 1 default profile: "default"
2026-05-18T00:16:37.123+05:30  INFO 2468 --- [stride-ecom] [           main] .s.d.r.c.RepositoryConfigurationDelegate : Bootstrapping Spring Data JPA repositories in DEFAULT mode.
2026-05-18T00:16:37.353+05:30  INFO 2468 --- [stride-ecom] [           main] .s.d.r.c.RepositoryConfigurationDelegate : Finished Spring Data repository scanning in 205 ms. Found 5 JPA repository interfaces.
2026-05-18T00:16:39.277+05:30  INFO 2468 --- [stride-ecom] [           main] o.s.b.w.embedded.tomcat.TomcatWebServer  : Tomcat initialized with port 8080 (http)
2026-05-18T00:16:39.311+05:30  INFO 2468 --- [stride-ecom] [           main] o.apache.catalina.core.StandardService   : Starting service [Tomcat]
2026-05-18T00:16:39.313+05:30  INFO 2468 --- [stride-ecom] [           main] o.apache.catalina.core.StandardEngine    : Starting Servlet engine: [Apache Tomcat/10.1.16]
2026-05-18T00:16:39.524+05:30  INFO 2468 --- [stride-ecom] [           main] o.a.c.c.C.[Tomcat].[localhost].[/]       : Initializing Spring embedded WebApplicationContext
2026-05-18T00:16:39.527+05:30  INFO 2468 --- [stride-ecom] [           main] w.s.c.ServletWebServerApplicationContext : Root WebApplicationContext: initialization completed in 4109 ms
2026-05-18T00:16:39.934+05:30  INFO 2468 --- [stride-ecom] [           main] o.hibernate.jpa.internal.util.LogHelper  : HHH000204: Processing PersistenceUnitInfo [name: default]
2026-05-18T00:16:40.142+05:30  INFO 2468 --- [stride-ecom] [           main] org.hibernate.Version                    : HHH000412: Hibernate ORM core version 6.3.1.Final
2026-05-18T00:16:40.268+05:30  INFO 2468 --- [stride-ecom] [           main] o.h.c.internal.RegionFactoryInitiator    : HHH000026: Second-level cache disabled
2026-05-18T00:16:40.974+05:30  INFO 2468 --- [stride-ecom] [           main] o.s.o.j.p.SpringPersistenceUnitInfo      : No LoadTimeWeaver setup: ignoring JPA class transformer
2026-05-18T00:16:41.049+05:30  INFO 2468 --- [stride-ecom] [           main] com.zaxxer.hikari.HikariDataSource       : HikariPool-1 - Starting...
2026-05-18T00:16:41.529+05:30  INFO 2468 --- [stride-ecom] [           main] com.zaxxer.hikari.pool.HikariPool        : HikariPool-1 - Added connection com.mysql.cj.jdbc.ConnectionImpl@7cb29ea8
2026-05-18T00:16:41.536+05:30  INFO 2468 --- [stride-ecom] [           main] com.zaxxer.hikari.HikariDataSource       : HikariPool-1 - Start completed.
2026-05-18T00:16:41.697+05:30  WARN 2468 --- [stride-ecom] [           main] org.hibernate.orm.deprecation            : HHH90000025: MySQLDialect does not need to be specified explicitly using 'hibernate.dialect' (remove the property setting and it will be selected by default)
2026-05-18T00:16:44.445+05:30  INFO 2468 --- [stride-ecom] [           main] o.h.e.t.j.p.i.JtaPlatformInitiator       : HHH000489: No JTA platform available (set 'hibernate.transaction.jta.platform' to enable JTA platform integration)
Hibernate: 
    create table cart_items (
        id bigint not null auto_increment,
        quantity integer not null,
        cart_id bigint not null,
        product_id bigint not null,
        primary key (id)
    ) engine=InnoDB
Hibernate: 
    create table carts (
        id bigint not null auto_increment,
        user_id bigint not null,
        primary key (id)
    ) engine=InnoDB
Hibernate: 
    create table order_items (
        id bigint not null auto_increment,
        price_at_order float(53) not null,
        quantity integer not null,
        order_id bigint not null,
        product_id bigint not null,
        primary key (id)
    ) engine=InnoDB
Hibernate: 
    create table orders (
        id bigint not null auto_increment,
        created_at datetime(6),
        status enum ('PENDING','CONFIRMED','SHIPPED','DELIVERED','CANCELLED') not null,
        total_amount float(53) not null,
        user_id bigint not null,
        primary key (id)
    ) engine=InnoDB
Hibernate: 
    create table products (
        id bigint not null auto_increment,
        active bit not null,
        category varchar(255),
        created_at datetime(6),
        description varchar(255),
        image_url varchar(255),
        name varchar(255) not null,
        price float(53) not null,
        stock integer not null,
        primary key (id)
    ) engine=InnoDB
Hibernate: 
    create table users (
        id bigint not null auto_increment,
        created_at datetime(6),
        email varchar(255) not null,
        name varchar(255) not null,
        password varchar(255) not null,
        role enum ('USER','ADMIN') not null,
        primary key (id)
    ) engine=InnoDB
Hibernate: 
    alter table carts 
       drop index UK_64t7ox312pqal3p7fg9o503c2
Hibernate: 
    alter table carts 
       add constraint UK_64t7ox312pqal3p7fg9o503c2 unique (user_id)
Hibernate: 
    alter table users 
       drop index UK_6dotkott2kjsp8vw4d0m25fb7
Hibernate: 
    alter table users 
       add constraint UK_6dotkott2kjsp8vw4d0m25fb7 unique (email)
Hibernate: 
    alter table cart_items 
       add constraint FKpcttvuq4mxppo8sxggjtn5i2c 
       foreign key (cart_id) 
       references carts (id)
Hibernate: 
    alter table cart_items 
       add constraint FK1re40cjegsfvw58xrkdp6bac6 
       foreign key (product_id) 
       references products (id)
Hibernate: 
    alter table carts 
       add constraint FKb5o626f86h46m4s7ms6ginnop 
       foreign key (user_id) 
       references users (id)
Hibernate: 
    alter table order_items 
       add constraint FKbioxgbv59vetrxe0ejfubep1w 
       foreign key (order_id) 
       references orders (id)
Hibernate: 
    alter table order_items 
       add constraint FKocimc7dtr037rh4ls4l95nlfi 
       foreign key (product_id) 
       references products (id)
Hibernate: 
    alter table orders 
       add constraint FK32ql8ubntj5uh44ph9659tiih 
       foreign key (user_id) 
       references users (id)
2026-05-18T00:16:45.610+05:30  INFO 2468 --- [stride-ecom] [           main] j.LocalContainerEntityManagerFactoryBean : Initialized JPA EntityManagerFactory for persistence unit 'default'
2026-05-18T00:16:46.429+05:30 DEBUG 2468 --- [stride-ecom] [           main] com.stride.ecom.security.JwtFilter       : Filter 'jwtFilter' configured for use
2026-05-18T00:16:46.573+05:30  WARN 2468 --- [stride-ecom] [           main] ConfigServletWebServerApplicationContext : Exception encountered during context initialization - cancelling refresh attempt: org.springframework.beans.factory.BeanCreationException: Error creating bean with name 'authController': Lookup method resolution failed
2026-05-18T00:16:46.575+05:30  INFO 2468 --- [stride-ecom] [           main] j.LocalContainerEntityManagerFactoryBean : Closing JPA EntityManagerFactory for persistence unit 'default'
2026-05-18T00:16:46.578+05:30  INFO 2468 --- [stride-ecom] [           main] com.zaxxer.hikari.HikariDataSource       : HikariPool-1 - Shutdown initiated...
2026-05-18T00:16:46.593+05:30  INFO 2468 --- [stride-ecom] [           main] com.zaxxer.hikari.HikariDataSource       : HikariPool-1 - Shutdown completed.
2026-05-18T00:16:46.597+05:30  INFO 2468 --- [stride-ecom] [           main] o.apache.catalina.core.StandardService   : Stopping service [Tomcat]
2026-05-18T00:16:46.628+05:30  INFO 2468 --- [stride-ecom] [           main] .s.b.a.l.ConditionEvaluationReportLogger : 

Error starting ApplicationContext. To display the condition evaluation report re-run your application with 'debug' enabled.
2026-05-18T00:16:46.663+05:30 ERROR 2468 --- [stride-ecom] [           main] o.s.boot.SpringApplication               : Application run failed

org.springframework.beans.factory.BeanCreationException: Error creating bean with name 'authController': Lookup method resolution failed
	at org.springframework.beans.factory.annotation.AutowiredAnnotationBeanPostProcessor.checkLookupMethods(AutowiredAnnotationBeanPostProcessor.java:482) ~[spring-beans-6.1.1.jar:6.1.1]
	at org.springframework.beans.factory.annotation.AutowiredAnnotationBeanPostProcessor.determineCandidateConstructors(AutowiredAnnotationBeanPostProcessor.java:352) ~[spring-beans-6.1.1.jar:6.1.1]
	at org.springframework.beans.factory.support.AbstractAutowireCapableBeanFactory.determineConstructorsFromBeanPostProcessors(AbstractAutowireCapableBeanFactory.java:1295) ~[spring-beans-6.1.1.jar:6.1.1]
	at org.springframework.beans.factory.support.AbstractAutowireCapableBeanFactory.createBeanInstance(AbstractAutowireCapableBeanFactory.java:1190) ~[spring-beans-6.1.1.jar:6.1.1]
	at org.springframework.beans.factory.support.AbstractAutowireCapableBeanFactory.doCreateBean(AbstractAutowireCapableBeanFactory.java:563) ~[spring-beans-6.1.1.jar:6.1.1]
	at org.springframework.beans.factory.support.AbstractAutowireCapableBeanFactory.createBean(AbstractAutowireCapableBeanFactory.java:523) ~[spring-beans-6.1.1.jar:6.1.1]
	at org.springframework.beans.factory.support.AbstractBeanFactory.lambda$doGetBean$0(AbstractBeanFactory.java:325) ~[spring-beans-6.1.1.jar:6.1.1]
	at org.springframework.beans.factory.support.DefaultSingletonBeanRegistry.getSingleton(DefaultSingletonBeanRegistry.java:234) ~[spring-beans-6.1.1.jar:6.1.1]
	at org.springframework.beans.factory.support.AbstractBeanFactory.doGetBean(AbstractBeanFactory.java:323) ~[spring-beans-6.1.1.jar:6.1.1]
	at org.springframework.beans.factory.support.AbstractBeanFactory.getBean(AbstractBeanFactory.java:199) ~[spring-beans-6.1.1.jar:6.1.1]
	at org.springframework.beans.factory.support.DefaultListableBeanFactory.preInstantiateSingletons(DefaultListableBeanFactory.java:973) ~[spring-beans-6.1.1.jar:6.1.1]
	at org.springframework.context.support.AbstractApplicationContext.finishBeanFactoryInitialization(AbstractApplicationContext.java:946) ~[spring-context-6.1.1.jar:6.1.1]
	at org.springframework.context.support.AbstractApplicationContext.refresh(AbstractApplicationContext.java:616) ~[spring-context-6.1.1.jar:6.1.1]
	at org.springframework.boot.web.servlet.context.ServletWebServerApplicationContext.refresh(ServletWebServerApplicationContext.java:146) ~[spring-boot-3.2.0.jar:3.2.0]
	at org.springframework.boot.SpringApplication.refresh(SpringApplication.java:753) ~[spring-boot-3.2.0.jar:3.2.0]
	at org.springframework.boot.SpringApplication.refreshContext(SpringApplication.java:455) ~[spring-boot-3.2.0.jar:3.2.0]
	at org.springframework.boot.SpringApplication.run(SpringApplication.java:323) ~[spring-boot-3.2.0.jar:3.2.0]
	at org.springframework.boot.SpringApplication.run(SpringApplication.java:1342) ~[spring-boot-3.2.0.jar:3.2.0]
	at org.springframework.boot.SpringApplication.run(SpringApplication.java:1331) ~[spring-boot-3.2.0.jar:3.2.0]
	at com.stride.ecom.EcomApplication.main(EcomApplication.java:16) ~[classes/:na]
Caused by: java.lang.IllegalStateException: Failed to introspect Class [com.stride.ecom.controller.AuthController] from ClassLoader [jdk.internal.loader.ClassLoaders$AppClassLoader@70dea4e]
	at org.springframework.util.ReflectionUtils.getDeclaredMethods(ReflectionUtils.java:483) ~[spring-core-6.1.1.jar:6.1.1]
	at org.springframework.util.ReflectionUtils.doWithLocalMethods(ReflectionUtils.java:320) ~[spring-core-6.1.1.jar:6.1.1]
	at org.springframework.beans.factory.annotation.AutowiredAnnotationBeanPostProcessor.checkLookupMethods(AutowiredAnnotationBeanPostProcessor.java:460) ~[spring-beans-6.1.1.jar:6.1.1]
	... 19 common frames omitted
Caused by: java.lang.NoClassDefFoundError: com/stride/ecom/dto/RegisterRequest (wrong name: com/stride/ecom/dto/registerRequest)
	at java.base/java.lang.ClassLoader.defineClass1(Native Method) ~[na:na]
	at java.base/java.lang.ClassLoader.defineClass(ClassLoader.java:1027) ~[na:na]
	at java.base/java.security.SecureClassLoader.defineClass(SecureClassLoader.java:150) ~[na:na]
	at java.base/jdk.internal.loader.BuiltinClassLoader.defineClass(BuiltinClassLoader.java:862) ~[na:na]
	at java.base/jdk.internal.loader.BuiltinClassLoader.findClassOnClassPathOrNull(BuiltinClassLoader.java:760) ~[na:na]
	at java.base/jdk.internal.loader.BuiltinClassLoader.loadClassOrNull(BuiltinClassLoader.java:681) ~[na:na]
	at java.base/jdk.internal.loader.BuiltinClassLoader.loadClass(BuiltinClassLoader.java:639) ~[na:na]
	at java.base/jdk.internal.loader.ClassLoaders$AppClassLoader.loadClass(ClassLoaders.java:188) ~[na:na]
	at java.base/java.lang.ClassLoader.loadClass(ClassLoader.java:526) ~[na:na]
	at java.base/java.lang.Class.getDeclaredMethods0(Native Method) ~[na:na]
	at java.base/java.lang.Class.privateGetDeclaredMethods(Class.java:3580) ~[na:na]
	at java.base/java.lang.Class.getDeclaredMethods(Class.java:2678) ~[na:na]
	at org.springframework.util.ReflectionUtils.getDeclaredMethods(ReflectionUtils.java:465) ~[spring-core-6.1.1.jar:6.1.1]
	... 21 common frames omitted

[INFO] ------------------------------------------------------------------------
[INFO] BUILD FAILURE
[INFO] ------------------------------------------------------------------------
[INFO] Total time:  49.011 s
[INFO] Finished at: 2026-05-18T00:16:46+05:30
[INFO] ------------------------------------------------------------------------
[ERROR] Failed to execute goal org.springframework.boot:spring-boot-maven-plugin:3.2.0:run (default-cli) on project ecom: Process terminated with exit code: 1 -> [Help 1]
[ERROR] 
[ERROR] To see the full stack trace of the errors, re-run Maven with the -e switch.
[ERROR] Re-run Maven using the -X switch to enable full debug logging.
[ERROR] 
[ERROR] For more information about the errors and possible solutions, please read the following articles:
[ERROR] [Help 1] http://cwiki.apache.org/confluence/display/MAVEN/MojoExecutionException
