[INFO] Scanning for projects...
[INFO] 
[INFO] --------------------------< com.stride:ecom >---------------------------
[INFO] Building stride-ecom 1.0.0
[INFO]   from pom.xml
[INFO] --------------------------------[ jar ]---------------------------------
[INFO] 
[INFO] >>> spring-boot:3.2.0:run (default-cli) > test-compile @ ecom >>>
[INFO] 
[INFO] --- resources:3.3.1:resources (default-resources) @ ecom ---
[INFO] Copying 1 resource from src\main\resources to target\classes
[INFO] Copying 0 resource from src\main\resources to target\classes
[INFO] 
[INFO] --- compiler:3.11.0:compile (default-compile) @ ecom ---
[INFO] Changes detected - recompiling the module! :source
[INFO] Compiling 33 source files with javac [debug release 17] to target\classes
[INFO] Annotation processing is enabled because one or more processors were found
  on the class path. A future release of javac may disable annotation processing
  unless at least one processor is specified by name (-processor), or a search
  path is specified (--processor-path, --processor-module-path), or annotation
  processing is enabled explicitly (-proc:only, -proc:full).
  Use -Xlint:-options to suppress this message.
  Use -proc:none to disable annotation processing.
[INFO] 
[INFO] --- resources:3.3.1:testResources (default-testResources) @ ecom ---
[INFO] skip non existing resourceDirectory C:\Users\sachi\OneDrive\Desktop\springboot\ecom\backend\src\test\resources
[INFO] 
[INFO] --- compiler:3.11.0:testCompile (default-testCompile) @ ecom ---
[INFO] No sources to compile
[INFO] 
[INFO] <<< spring-boot:3.2.0:run (default-cli) < test-compile @ ecom <<<
[INFO] 
[INFO] 
[INFO] --- spring-boot:3.2.0:run (default-cli) @ ecom ---
[INFO] Attaching agents: []

  .   ____          _            __ _ _
 /\\ / ___'_ __ _ _(_)_ __  __ _ \ \ \ \
( ( )\___ | '_ | '_| | '_ \/ _` | \ \ \ \
 \\/  ___)| |_)| | | | | || (_| |  ) ) ) )
  '  |____| .__|_| |_|_| |_\__, | / / / /
 =========|_|==============|___/=/_/_/_/
 :: Spring Boot ::                (v3.2.0)

2026-05-18T00:19:54.167+05:30  INFO 5588 --- [stride-ecom] [           main] com.stride.ecom.EcomApplication          : Starting EcomApplication using Java 21.0.10 with PID 5588 (C:\Users\sachi\OneDrive\Desktop\springboot\ecom\backend\target\classes started by sachi in C:\Users\sachi\OneDrive\Desktop\springboot\ecom\backend)
2026-05-18T00:19:54.171+05:30 DEBUG 5588 --- [stride-ecom] [           main] com.stride.ecom.EcomApplication          : Running with Spring Boot v3.2.0, Spring v6.1.1
2026-05-18T00:19:54.172+05:30  INFO 5588 --- [stride-ecom] [           main] com.stride.ecom.EcomApplication          : No active profile set, falling back to 1 default profile: "default"
2026-05-18T00:19:55.867+05:30  INFO 5588 --- [stride-ecom] [           main] .s.d.r.c.RepositoryConfigurationDelegate : Bootstrapping Spring Data JPA repositories in DEFAULT mode.
2026-05-18T00:19:56.046+05:30  INFO 5588 --- [stride-ecom] [           main] .s.d.r.c.RepositoryConfigurationDelegate : Finished Spring Data repository scanning in 156 ms. Found 5 JPA repository interfaces.
2026-05-18T00:19:57.694+05:30  INFO 5588 --- [stride-ecom] [           main] o.s.b.w.embedded.tomcat.TomcatWebServer  : Tomcat initialized with port 8080 (http)
2026-05-18T00:19:57.720+05:30  INFO 5588 --- [stride-ecom] [           main] o.apache.catalina.core.StandardService   : Starting service [Tomcat]
2026-05-18T00:19:57.721+05:30  INFO 5588 --- [stride-ecom] [           main] o.apache.catalina.core.StandardEngine    : Starting Servlet engine: [Apache Tomcat/10.1.16]
2026-05-18T00:19:57.882+05:30  INFO 5588 --- [stride-ecom] [           main] o.a.c.c.C.[Tomcat].[localhost].[/]       : Initializing Spring embedded WebApplicationContext
2026-05-18T00:19:57.885+05:30  INFO 5588 --- [stride-ecom] [           main] w.s.c.ServletWebServerApplicationContext : Root WebApplicationContext: initialization completed in 3618 ms
2026-05-18T00:19:58.223+05:30  INFO 5588 --- [stride-ecom] [           main] o.hibernate.jpa.internal.util.LogHelper  : HHH000204: Processing PersistenceUnitInfo [name: default]
2026-05-18T00:19:58.395+05:30  INFO 5588 --- [stride-ecom] [           main] org.hibernate.Version                    : HHH000412: Hibernate ORM core version 6.3.1.Final
2026-05-18T00:19:58.489+05:30  INFO 5588 --- [stride-ecom] [           main] o.h.c.internal.RegionFactoryInitiator    : HHH000026: Second-level cache disabled
2026-05-18T00:19:59.115+05:30  INFO 5588 --- [stride-ecom] [           main] o.s.o.j.p.SpringPersistenceUnitInfo      : No LoadTimeWeaver setup: ignoring JPA class transformer
2026-05-18T00:19:59.189+05:30  INFO 5588 --- [stride-ecom] [           main] com.zaxxer.hikari.HikariDataSource       : HikariPool-1 - Starting...
2026-05-18T00:19:59.628+05:30  INFO 5588 --- [stride-ecom] [           main] com.zaxxer.hikari.pool.HikariPool        : HikariPool-1 - Added connection com.mysql.cj.jdbc.ConnectionImpl@2cbe455c
2026-05-18T00:19:59.634+05:30  INFO 5588 --- [stride-ecom] [           main] com.zaxxer.hikari.HikariDataSource       : HikariPool-1 - Start completed.
2026-05-18T00:19:59.785+05:30  WARN 5588 --- [stride-ecom] [           main] org.hibernate.orm.deprecation            : HHH90000025: MySQLDialect does not need to be specified explicitly using 'hibernate.dialect' (remove the property setting and it will be selected by default)
2026-05-18T00:20:02.692+05:30  INFO 5588 --- [stride-ecom] [           main] o.h.e.t.j.p.i.JtaPlatformInitiator       : HHH000489: No JTA platform available (set 'hibernate.transaction.jta.platform' to enable JTA platform integration)
2026-05-18T00:20:02.932+05:30  INFO 5588 --- [stride-ecom] [           main] j.LocalContainerEntityManagerFactoryBean : Initialized JPA EntityManagerFactory for persistence unit 'default'
2026-05-18T00:20:03.809+05:30 DEBUG 5588 --- [stride-ecom] [           main] com.stride.ecom.security.JwtFilter       : Filter 'jwtFilter' configured for use
2026-05-18T00:20:04.514+05:30  WARN 5588 --- [stride-ecom] [           main] JpaBaseConfiguration$JpaWebConfiguration : spring.jpa.open-in-view is enabled by default. Therefore, database queries may be performed during view rendering. Explicitly configure spring.jpa.open-in-view to disable this warning
2026-05-18T00:20:05.911+05:30  INFO 5588 --- [stride-ecom] [           main] o.s.b.w.embedded.tomcat.TomcatWebServer  : Tomcat started on port 8080 (http) with context path ''
2026-05-18T00:20:05.928+05:30  INFO 5588 --- [stride-ecom] [           main] com.stride.ecom.EcomApplication          : Started EcomApplication in 12.799 seconds (process running for 13.709)
Hibernate: 
    select
        count(*) 
    from
        products p1_0
Hibernate: 
    insert 
    into
        products
        (active, category, created_at, description, image_url, name, price, stock) 
    values
        (?, ?, ?, ?, ?, ?, ?, ?)
Hibernate: 
    insert 
    into
        products
        (active, category, created_at, description, image_url, name, price, stock) 
    values
        (?, ?, ?, ?, ?, ?, ?, ?)
Hibernate: 
    insert 
    into
        products
        (active, category, created_at, description, image_url, name, price, stock) 
    values
        (?, ?, ?, ?, ?, ?, ?, ?)
Hibernate: 
    insert 
    into
        products
        (active, category, created_at, description, image_url, name, price, stock) 
    values
        (?, ?, ?, ?, ?, ?, ?, ?)
Hibernate: 
    insert 
    into
        products
        (active, category, created_at, description, image_url, name, price, stock) 
    values
        (?, ?, ?, ?, ?, ?, ?, ?)
Hibernate: 
    insert 
    into
        products
        (active, category, created_at, description, image_url, name, price, stock) 
    values
        (?, ?, ?, ?, ?, ?, ?, ?)
Hibernate: 
    insert 
    into
        products
        (active, category, created_at, description, image_url, name, price, stock) 
    values
        (?, ?, ?, ?, ?, ?, ?, ?)
Hibernate: 
    insert 
    into
        products
        (active, category, created_at, description, image_url, name, price, stock) 
    values
        (?, ?, ?, ?, ?, ?, ?, ?)
Hibernate: 
    insert 
    into
        products
        (active, category, created_at, description, image_url, name, price, stock) 
    values
        (?, ?, ?, ?, ?, ?, ?, ?)
Hibernate: 
    insert 
    into
        products
        (active, category, created_at, description, image_url, name, price, stock) 
    values
        (?, ?, ?, ?, ?, ?, ?, ?)
Hibernate: 
    insert 
    into
        products
        (active, category, created_at, description, image_url, name, price, stock) 
    values
        (?, ?, ?, ?, ?, ?, ?, ?)
Hibernate: 
    insert 
    into
        products
        (active, category, created_at, description, image_url, name, price, stock) 
    values
        (?, ?, ?, ?, ?, ?, ?, ?)
? Sample products added to database
Hibernate: 
    select
        count(*) 
    from
        users u1_0
Hibernate: 
    insert 
    into
        users
        (created_at, email, name, password, role) 
    values
        (?, ?, ?, ?, ?)
? Admin user created: admin@dsatm.edu / admin123

?  STRIDE E-Commerce Backend started!
?  API Base URL: http://localhost:8080/api
?  Auth APIs:   http://localhost:8080/api/auth/register | /login
?  Products:    http://localhost:8080/api/products

2026-05-18T00:20:49.209+05:30  INFO 5588 --- [stride-ecom] [nio-8080-exec-1] o.a.c.c.C.[Tomcat].[localhost].[/]       : Initializing Spring DispatcherServlet 'dispatcherServlet'
2026-05-18T00:20:49.211+05:30  INFO 5588 --- [stride-ecom] [nio-8080-exec-1] o.s.web.servlet.DispatcherServlet        : Initializing Servlet 'dispatcherServlet'
2026-05-18T00:20:49.215+05:30  INFO 5588 --- [stride-ecom] [nio-8080-exec-1] o.s.web.servlet.DispatcherServlet        : Completed initialization in 3 ms
2026-05-18T00:20:49.257+05:30  WARN 5588 --- [stride-ecom] [nio-8080-exec-1] o.s.w.s.h.HandlerMappingIntrospector     : Cache miss for REQUEST dispatch to '/api/auth/login' (previous null). Performing MatchableHandlerMapping lookup. This is logged once only at WARN level, and every time at TRACE.
Hibernate: 
    select
        u1_0.id,
        u1_0.created_at,
        u1_0.email,
        u1_0.name,
        u1_0.password,
        u1_0.role 
    from
        users u1_0 
    where
        u1_0.email=?
Hibernate: 
    select
        p1_0.id,
        p1_0.active,
        p1_0.category,
        p1_0.created_at,
        p1_0.description,
        p1_0.image_url,
        p1_0.name,
        p1_0.price,
        p1_0.stock 
    from
        products p1_0 
    where
        p1_0.active
Hibernate: 
    select
        u1_0.id,
        u1_0.created_at,
        u1_0.email,
        u1_0.name,
        u1_0.password,
        u1_0.role 
    from
        users u1_0 
    where
        u1_0.email=?
2026-05-18T00:23:30.975+05:30  WARN 5588 --- [stride-ecom] [l-1 housekeeper] com.zaxxer.hikari.pool.HikariPool        : HikariPool-1 - Thread starvation or clock leap detected (housekeeper delta=1m6s566ms584µs800ns).
[INFO] ------------------------------------------------------------------------
[INFO] BUILD FAILURE
[INFO] ------------------------------------------------------------------------
[INFO] Total time:  08:13 min
[INFO] Finished at: 2026-05-18T00:27:53+05:30
[INFO] ------------------------------------------------------------------------
[ERROR] Failed to execute goal org.springframework.boot:spring-boot-maven-plugin:3.2.0:run (default-cli) on project ecom: Process terminated with exit code: -1 -> [Help 1]
[ERROR] 
[ERROR] To see the full stack trace of the errors, re-run Maven with the -e switch.
[ERROR] Re-run Maven using the -X switch to enable full debug logging.
[ERROR] 
[ERROR] For more information about the errors and possible solutions, please read the following articles:
[ERROR] [Help 1] http://cwiki.apache.org/confluence/display/MAVEN/MojoExecutionException
